<?xml version="1.0" encoding="UTF-8"?>
<testsuite xmlns:xsi="http://www.w3.org/2001/XMLSchema-instance" xsi:noNamespaceSchemaLocation="https://maven.apache.org/surefire/maven-surefire-plugin/xsd/surefire-test-report.xsd" version="3.0.2" name="com.example.RunCucumberTest" time="1.667" tests="5" errors="0" skipped="0" failures="0" flakes="0">
  <properties>
[...]
</properties>
  <testcase name="Réservation d&apos;un ouvrage indisponible" classname="RunCucumberTest" time="0.923">
    <system-out><![CDATA[
&amp#27;[1mScenario:&amp#27;[22m Réservation d'un ouvrage indisponible   &amp#27;[90m# classpath:features/reservation.feature:3&amp#27;[39m
  &amp#27;[32m✔&amp#27;[39m &amp#27;[32m&amp#27;[1mGiven &amp#27;[22mun adhérent &amp#27;[1m"Alice"&amp#27;[22m non suspendu&amp#27;[39m        &amp#27;[90m# com.example.ReservationSteps.unAdherentNonSuspendu(java.lang.String)&amp#27;[39m
  &amp#27;[32m✔&amp#27;[39m &amp#27;[32m&amp#27;[1mAnd &amp#27;[22mun ouvrage &amp#27;[1m"Le Petit Prince"&amp#27;[22m indisponible&amp#27;[39m &amp#27;[90m# com.example.ReservationSteps.unOuvrageIndisponible(java.lang.String)&amp#27;[39m
  &amp#27;[32m✔&amp#27;[39m &amp#27;[32m&amp#27;[1mWhen &amp#27;[22ml'adhérent réserve l'ouvrage&amp#27;[39m             &amp#27;[90m# com.example.ReservationSteps.adherentReserveLOuvrage()&amp#27;[39m
  &amp#27;[32m✔&amp#27;[39m &amp#27;[32m&amp#27;[1mThen &amp#27;[22mla réservation est créée avec succès&amp#27;[39m     &amp#27;[90m# com.example.ReservationSteps.laReservationEstCreeeAvecSucces()&amp#27;[39m
]]></system-out>
    <system-err><![CDATA[juin 26, 2026 4:10:51 PM org.junit.platform.launcher.core.DiscoveryIssueNotifier logIssues
WARNING: TestEngine with ID 'junit-platform-suite' encountered a non-critical issue during test discovery:

(1) [WARNING] [cucumber] The classpath resource selector 'features' should not be used to select features in a package. Use the package selector with 'features' instead (via @Suite com.example.RunCucumberTest).
]]></system-err>
  </testcase>
  <testcase name="Refus d&apos;une réservation pour un adhérent suspendu" classname="RunCucumberTest" time="0.009">
    <system-out><![CDATA[
&amp#27;[1mScenario:&amp#27;[22m Refus d'une réservation pour un adhérent suspendu &amp#27;[90m# classpath:features/reservation.feature:9&amp#27;[39m
  &amp#27;[32m✔&amp#27;[39m &amp#27;[32m&amp#27;[1mGiven &amp#27;[22mun adhérent &amp#27;[1m"Charlie"&amp#27;[22m suspendu&amp#27;[39m                    &amp#27;[90m# com.example.ReservationSteps.unAdherentSuspendu(java.lang.String)&amp#27;[39m
  &amp#27;[32m✔&amp#27;[39m &amp#27;[32m&amp#27;[1mAnd &amp#27;[22mun ouvrage &amp#27;[1m"1984"&amp#27;[22m indisponible&amp#27;[39m                      &amp#27;[90m# com.example.ReservationSteps.unOuvrageIndisponible(java.lang.String)&amp#27;[39m
  &amp#27;[32m✔&amp#27;[39m &amp#27;[32m&amp#27;[1mWhen &amp#27;[22ml'adhérent réserve l'ouvrage&amp#27;[39m                       &amp#27;[90m# com.example.ReservationSteps.adherentReserveLOuvrage()&amp#27;[39m
  &amp#27;[32m✔&amp#27;[39m &amp#27;[32m&amp#27;[1mThen &amp#27;[22mla réservation est refusée pour suspension&amp#27;[39m         &amp#27;[90m# com.example.ReservationSteps.laReservationEstRefuseePourSuspension()&amp#27;[39m
]]></system-out>
  </testcase>
  <testcase name="Plusieurs réservations sur le même ouvrage" classname="RunCucumberTest" time="0.009">
    <system-out><![CDATA[
&amp#27;[1mScenario:&amp#27;[22m Plusieurs réservations sur le même ouvrage &amp#27;[90m# classpath:features/reservation.feature:15&amp#27;[39m
  &amp#27;[32m✔&amp#27;[39m &amp#27;[32m&amp#27;[1mGiven &amp#27;[22mun ouvrage &amp#27;[1m"Les Misérables"&amp#27;[22m indisponible&amp#27;[39m   &amp#27;[90m# com.example.ReservationSteps.unOuvrageIndisponible(java.lang.String)&amp#27;[39m
  &amp#27;[32m✔&amp#27;[39m &amp#27;[32m&amp#27;[1mWhen &amp#27;[22m&amp#27;[1m"Alice"&amp#27;[22m réserve cet ouvrage&amp#27;[39m                 &amp#27;[90m# com.example.ReservationSteps.personneReserveCetOuvrage(java.lang.String)&amp#27;[39m
  &amp#27;[32m✔&amp#27;[39m &amp#27;[32m&amp#27;[1mAnd &amp#27;[22m&amp#27;[1m"Bob"&amp#27;[22m réserve cet ouvrage&amp#27;[39m                    &amp#27;[90m# com.example.ReservationSteps.personneReserveCetOuvrage(java.lang.String)&amp#27;[39m
  &amp#27;[32m✔&amp#27;[39m &amp#27;[32m&amp#27;[1mThen &amp#27;[22mil y a &amp#27;[1m2&amp#27;[22m réservations en attente&amp#27;[39m            &amp#27;[90m# com.example.ReservationSteps.ilYAReservationsEnAttente(int)&amp#27;[39m
]]></system-out>
  </testcase>
  <testcase name="Restitution d&apos;un ouvrage réservé" classname="RunCucumberTest" time="0.007">
    <system-out><![CDATA[
&amp#27;[1mScenario:&amp#27;[22m Restitution d'un ouvrage réservé            &amp#27;[90m# classpath:features/reservation.feature:21&amp#27;[39m
  &amp#27;[32m✔&amp#27;[39m &amp#27;[32m&amp#27;[1mGiven &amp#27;[22mun ouvrage &amp#27;[1m"Dune"&amp#27;[22m indisponible&amp#27;[39m              &amp#27;[90m# com.example.ReservationSteps.unOuvrageIndisponible(java.lang.String)&amp#27;[39m
  &amp#27;[32m✔&amp#27;[39m &amp#27;[32m&amp#27;[1mAnd &amp#27;[22ml'adhérent &amp#27;[1m"Alice"&amp#27;[22m a déjà réservé cet ouvrage&amp#27;[39m &amp#27;[90m# com.example.ReservationSteps.adherentADejaReserveCetOuvrage(java.lang.String)&amp#27;[39m
  &amp#27;[32m✔&amp#27;[39m &amp#27;[32m&amp#27;[1mWhen &amp#27;[22ml'ouvrage est rendu&amp#27;[39m                          &amp#27;[90m# com.example.ReservationSteps.lOuvrageEstRendu()&amp#27;[39m
  &amp#27;[32m✔&amp#27;[39m &amp#27;[32m&amp#27;[1mThen &amp#27;[22mla réservation de &amp#27;[1m"Alice"&amp#27;[22m est retournée&amp#27;[39m      &amp#27;[90m# com.example.ReservationSteps.laReservationDeEstRetournee(java.lang.String)&amp#27;[39m
]]></system-out>
  </testcase>
  <testcase name="Un adhérent ne peut pas réserver un ouvrage disponible" classname="RunCucumberTest" time="0.005">
    <system-out><![CDATA[
&amp#27;[1mScenario:&amp#27;[22m Un adhérent ne peut pas réserver un ouvrage disponible &amp#27;[90m# classpath:features/reservation.feature:27&amp#27;[39m
  &amp#27;[32m✔&amp#27;[39m &amp#27;[32m&amp#27;[1mGiven &amp#27;[22mun adhérent &amp#27;[1m"Bob"&amp#27;[22m non suspendu&amp#27;[39m                         &amp#27;[90m# com.example.ReservationSteps.unAdherentNonSuspendu(java.lang.String)&amp#27;[39m
  &amp#27;[32m✔&amp#27;[39m &amp#27;[32m&amp#27;[1mAnd &amp#27;[22mun ouvrage &amp#27;[1m"Harry Potter"&amp#27;[22m disponible&amp#27;[39m                     &amp#27;[90m# com.example.ReservationSteps.unOuvrageDisponible(java.lang.String)&amp#27;[39m
  &amp#27;[32m✔&amp#27;[39m &amp#27;[32m&amp#27;[1mWhen &amp#27;[22ml'adhérent réserve l'ouvrage&amp#27;[39m                            &amp#27;[90m# com.example.ReservationSteps.adherentReserveLOuvrage()&amp#27;[39m
  &amp#27;[32m✔&amp#27;[39m &amp#27;[32m&amp#27;[1mThen &amp#27;[22mla réservation est refusée car l'ouvrage est disponible&amp#27;[39m &amp#27;[90m# com.example.ReservationSteps.laReservationEstRefuseePourOuvrageDisponible()&amp#27;[39m
]]></system-out>
  </testcase>
</testsuite>