<?xml version="1.0" encoding="UTF-8"?>
<testsuite xmlns:xsi="http://www.w3.org/2001/XMLSchema-instance" xsi:noNamespaceSchemaLocation="https://maven.apache.org/surefire/maven-surefire-plugin/xsd/surefire-test-report.xsd" version="3.0.2" name="com.example.PretServiceTest" time="0.17" tests="10" errors="0" skipped="0" failures="0" flakes="0">
  <properties>
[...]
</properties>
  <testcase name="adherent_avec_trois_retards_importants_est_suspendu" classname="com.example.PretServiceTest" time="0.112">
    <system-err><![CDATA[juin 26, 2026 4:10:52 PM org.junit.platform.launcher.core.DiscoveryIssueNotifier logIssues
WARNING: TestEngine with ID 'junit-platform-suite' encountered a non-critical issue during test discovery:

(1) [WARNING] [cucumber] The classpath resource selector 'features' should not be used to select features in a package. Use the package selector with 'features' instead (via @Suite com.example.RunCucumberTest).
]]></system-err>
  </testcase>
  <testcase name="creer_pret_ouvrage_indisponible_leve_exception" classname="com.example.PretServiceTest" time="0.005"/>
  <testcase name="calculer_penalite_retour_a_temps_retourne_zero" classname="com.example.PretServiceTest" time="0.005"/>
  <testcase name="retourner_ouvrage_rend_ouvrage_disponible" classname="com.example.PretServiceTest" time="0.01"/>
  <testcase name="creer_pret_retourne_pret_avec_date_retour_21_jours" classname="com.example.PretServiceTest" time="0.002"/>
  <testcase name="creer_pret_met_ouvrage_indisponible" classname="com.example.PretServiceTest" time="0.001"/>
  <testcase name="retard_inferieur_a_7_jours_ne_suspend_pas_adherent" classname="com.example.PretServiceTest" time="0.003"/>
  <testcase name="creer_pret_adherent_suspendu_leve_exception" classname="com.example.PretServiceTest" time="0.001"/>
  <testcase name="calculer_penalite_retour_en_retard_calcule_correctement" classname="com.example.PretServiceTest" time="0.001"/>
  <testcase name="retourner_ouvrage_avec_retard_important_incremente_compteur" classname="com.example.PretServiceTest" time="0.001"/>
</testsuite>