<?xml version="1.0" encoding="UTF-8"?>
<testsuite xmlns:xsi="http://www.w3.org/2001/XMLSchema-instance" xsi:noNamespaceSchemaLocation="https://maven.apache.org/surefire/maven-surefire-plugin/xsd/surefire-test-report.xsd" version="3.0.2" name="com.example.RechercheVilleTest" time="0.124" tests="6" errors="4" skipped="0" failures="2" flakes="0">
  <properties>
[...]
</properties>
  <testcase name="devraitRetournerBudapestPourLaRechercheApe" classname="com.example.RechercheVilleTest" time="0.055">
    <error message="Not implemented" type="com.example.NotImplementedException"><![CDATA[com.example.NotImplementedException: Not implemented
	at com.example.RechercheVille.Rechercher(RechercheVille.java:19)
	at com.example.RechercheVilleTest.devraitRetournerBudapestPourLaRechercheApe(RechercheVilleTest.java:52)
]]></error>
  </testcase>
  <testcase name="devraitRetournerValenceEtVancouverPourLaRechercheVa" classname="com.example.RechercheVilleTest" time="0.002">
    <error message="Not implemented" type="com.example.NotImplementedException"><![CDATA[com.example.NotImplementedException: Not implemented
	at com.example.RechercheVille.Rechercher(RechercheVille.java:19)
	at com.example.RechercheVilleTest.devraitRetournerValenceEtVancouverPourLaRechercheVa(RechercheVilleTest.java:35)
]]></error>
  </testcase>
  <testcase name="devraitLeverUneNotFoundExceptionQuandLeTexteEstVide" classname="com.example.RechercheVilleTest" time="0.017">
    <failure message="Unexpected exception type thrown, expected: &lt;com.example.NotFoundException&gt; but was: &lt;com.example.NotImplementedException&gt;" type="org.opentest4j.AssertionFailedError"><![CDATA[org.opentest4j.AssertionFailedError: Unexpected exception type thrown, expected: <com.example.NotFoundException> but was: <com.example.NotImplementedException>
	at org.junit.jupiter.api.AssertionFailureBuilder.build(AssertionFailureBuilder.java:158)
	at org.junit.jupiter.api.AssertThrows.assertThrows(AssertThrows.java:68)
	at org.junit.jupiter.api.AssertThrows.assertThrows(AssertThrows.java:35)
	at org.junit.jupiter.api.Assertions.assertThrows(Assertions.java:3223)
	at com.example.RechercheVilleTest.devraitLeverUneNotFoundExceptionQuandLeTexteEstVide(RechercheVilleTest.java:23)
Caused by: com.example.NotImplementedException: Not implemented
	at com.example.RechercheVille.Rechercher(RechercheVille.java:19)
	at com.example.RechercheVilleTest.lambda$devraitLeverUneNotFoundExceptionQuandLeTexteEstVide$0(RechercheVilleTest.java:23)
	at org.junit.jupiter.api.AssertThrows.assertThrows(AssertThrows.java:54)
	... 3 more
]]></failure>
  </testcase>
  <testcase name="devraitEtreInsensibleALaCasse" classname="com.example.RechercheVilleTest" time="0.002">
    <error message="Not implemented" type="com.example.NotImplementedException"><![CDATA[com.example.NotImplementedException: Not implemented
	at com.example.RechercheVille.Rechercher(RechercheVille.java:19)
	at com.example.RechercheVilleTest.devraitEtreInsensibleALaCasse(RechercheVilleTest.java:44)
]]></error>
  </testcase>
  <testcase name="devraitLeverUneNotFoundExceptionQuandLeTexteContientMoinsDe2Caracteres" classname="com.example.RechercheVilleTest" time="0.003">
    <failure message="Unexpected exception type thrown, expected: &lt;com.example.NotFoundException&gt; but was: &lt;com.example.NotImplementedException&gt;" type="org.opentest4j.AssertionFailedError"><![CDATA[org.opentest4j.AssertionFailedError: Unexpected exception type thrown, expected: <com.example.NotFoundException> but was: <com.example.NotImplementedException>
	at org.junit.jupiter.api.AssertionFailureBuilder.build(AssertionFailureBuilder.java:158)
	at org.junit.jupiter.api.AssertThrows.assertThrows(AssertThrows.java:68)
	at org.junit.jupiter.api.AssertThrows.assertThrows(AssertThrows.java:35)
	at org.junit.jupiter.api.Assertions.assertThrows(Assertions.java:3223)
	at com.example.RechercheVilleTest.devraitLeverUneNotFoundExceptionQuandLeTexteContientMoinsDe2Caracteres(RechercheVilleTest.java:29)
Caused by: com.example.NotImplementedException: Not implemented
	at com.example.RechercheVille.Rechercher(RechercheVille.java:19)
	at com.example.RechercheVilleTest.lambda$devraitLeverUneNotFoundExceptionQuandLeTexteContientMoinsDe2Caracteres$0(RechercheVilleTest.java:29)
	at org.junit.jupiter.api.AssertThrows.assertThrows(AssertThrows.java:54)
	... 3 more
]]></failure>
  </testcase>
  <testcase name="devraitRetournerToutesLesVillesQuandLeTexteEstUnAsterisque" classname="com.example.RechercheVilleTest" time="0.001">
    <error message="Not implemented" type="com.example.NotImplementedException"><![CDATA[com.example.NotImplementedException: Not implemented
	at com.example.RechercheVille.Rechercher(RechercheVille.java:19)
	at com.example.RechercheVilleTest.devraitRetournerToutesLesVillesQuandLeTexteEstUnAsterisque(RechercheVilleTest.java:60)
]]></error>
  </testcase>
</testsuite>