<?xml version="1.0" encoding="UTF-8" standalone="yes"?><!DOCTYPE report PUBLIC "-//JACOCO//DTD Report 1.1//EN" "report.dtd"><report name="exercice8"><sessioninfo id="Victor-55aaec0d" start="1781014995206" dump="1781014999458"/><package name="com/example"><class name="com/example/NotificationService" sourcefilename="NotificationService.java"/><class name="com/example/Reservation" sourcefilename="Reservation.java"><method name="&lt;init&gt;" desc="(Ljava/lang/String;Ljava/lang/String;ILjava/time/LocalDateTime;Ljava/time/LocalDateTime;)V" line="13"><counter type="INSTRUCTION" missed="0" covered="18"/><counter type="LINE" missed="0" covered="7"/><counter type="COMPLEXITY" missed="0" covered="1"/><counter type="METHOD" missed="0" covered="1"/></method><method name="getUserEmail" desc="()Ljava/lang/String;" line="21"><counter type="INSTRUCTION" missed="0" covered="3"/><counter type="LINE" missed="0" covered="1"/><counter type="COMPLEXITY" missed="0" covered="1"/><counter type="METHOD" missed="0" covered="1"/></method><method name="getRoomCode" desc="()Ljava/lang/String;" line="22"><counter type="INSTRUCTION" missed="0" covered="3"/><counter type="LINE" missed="0" covered="1"/><counter type="COMPLEXITY" missed="0" covered="1"/><counter type="METHOD" missed="0" covered="1"/></method><method name="getParticipantCount" desc="()I" line="23"><counter type="INSTRUCTION" missed="0" covered="3"/><counter type="LINE" missed="0" covered="1"/><counter type="COMPLEXITY" missed="0" covered="1"/><counter type="METHOD" missed="0" covered="1"/></method><method name="getStartTime" desc="()Ljava/time/LocalDateTime;" line="24"><counter type="INSTRUCTION" missed="0" covered="3"/><counter type="LINE" missed="0" covered="1"/><counter type="COMPLEXITY" missed="0" covered="1"/><counter type="METHOD" missed="0" covered="1"/></method><method name="getEndTime" desc="()Ljava/time/LocalDateTime;" line="25"><counter type="INSTRUCTION" missed="0" covered="3"/><counter type="LINE" missed="0" covered="1"/><counter type="COMPLEXITY" missed="0" covered="1"/><counter type="METHOD" missed="0" covered="1"/></method><counter type="INSTRUCTION" missed="0" covered="33"/><counter type="LINE" missed="0" covered="12"/><counter type="COMPLEXITY" missed="0" covered="6"/><counter type="METHOD" missed="0" covered="6"/><counter type="CLASS" missed="0" covered="1"/></class><class name="com/example/ReservationException" sourcefilename="ReservationException.java"><method name="&lt;init&gt;" desc="(Ljava/lang/String;)V" line="5"><counter type="INSTRUCTION" missed="0" covered="4"/><counter type="LINE" missed="0" covered="2"/><counter type="COMPLEXITY" missed="0" covered="1"/><counter type="METHOD" missed="0" covered="1"/></method><counter type="INSTRUCTION" missed="0" covered="4"/><counter type="LINE" missed="0" covered="2"/><counter type="COMPLEXITY" missed="0" covered="1"/><counter type="METHOD" missed="0" covered="1"/><counter type="CLASS" missed="0" covered="1"/></class><class name="com/example/RoomRepository" sourcefilename="RoomRepository.java"/><class name="com/example/ReservationReceipt" sourcefilename="ReservationReceipt.java"><method name="&lt;init&gt;" desc="(Ljava/lang/String;Ljava/lang/String;Ljava/time/LocalDateTime;Ljava/time/LocalDateTime;Ljava/lang/String;)V" line="14"><counter type="INSTRUCTION" missed="0" covered="18"/><counter type="LINE" missed="0" covered="7"/><counter type="COMPLEXITY" missed="0" covered="1"/><counter type="METHOD" missed="0" covered="1"/></method><method name="getRoomCode" desc="()Ljava/lang/String;" line="22"><counter type="INSTRUCTION" missed="3" covered="0"/><counter type="LINE" missed="1" covered="0"/><counter type="COMPLEXITY" missed="1" covered="0"/><counter type="METHOD" missed="1" covered="0"/></method><method name="getUserEmail" desc="()Ljava/lang/String;" line="23"><counter type="INSTRUCTION" missed="3" covered="0"/><counter type="LINE" missed="1" covered="0"/><counter type="COMPLEXITY" missed="1" covered="0"/><counter type="METHOD" missed="1" covered="0"/></method><method name="getStartTime" desc="()Ljava/time/LocalDateTime;" line="24"><counter type="INSTRUCTION" missed="3" covered="0"/><counter type="LINE" missed="1" covered="0"/><counter type="COMPLEXITY" missed="1" covered="0"/><counter type="METHOD" missed="1" covered="0"/></method><method name="getEndTime" desc="()Ljava/time/LocalDateTime;" line="25"><counter type="INSTRUCTION" missed="3" covered="0"/><counter type="LINE" missed="1" covered="0"/><counter type="COMPLEXITY" missed="1" covered="0"/><counter type="METHOD" missed="1" covered="0"/></method><method name="getConfirmationMessage" desc="()Ljava/lang/String;" line="26"><counter type="INSTRUCTION" missed="3" covered="0"/><counter type="LINE" missed="1" covered="0"/><counter type="COMPLEXITY" missed="1" covered="0"/><counter type="METHOD" missed="1" covered="0"/></method><counter type="INSTRUCTION" missed="15" covered="18"/><counter type="LINE" missed="5" covered="7"/><counter type="COMPLEXITY" missed="5" covered="1"/><counter type="METHOD" missed="5" covered="1"/><counter type="CLASS" missed="0" covered="1"/></class><class name="com/example/ReservationRepository" sourcefilename="ReservationRepository.java"/><class name="com/example/ReservationService" sourcefilename="ReservationService.java"><method name="&lt;init&gt;" desc="(Lcom/example/RoomRepository;Lcom/example/ReservationRepository;Lcom/example/NotificationService;)V" line="13"><counter type="INSTRUCTION" missed="0" covered="12"/><counter type="LINE" missed="0" covered="5"/><counter type="COMPLEXITY" missed="0" covered="1"/><counter type="METHOD" missed="0" covered="1"/></method><method name="reserve" desc="(Lcom/example/Reservation;)Lcom/example/ReservationReceipt;" line="20"><counter type="INSTRUCTION" missed="0" covered="94"/><counter type="BRANCH" missed="1" covered="11"/><counter type="LINE" missed="0" covered="21"/><counter type="COMPLEXITY" missed="1" covered="6"/><counter type="METHOD" missed="0" covered="1"/></method><counter type="INSTRUCTION" missed="0" covered="106"/><counter type="BRANCH" missed="1" covered="11"/><counter type="LINE" missed="0" covered="26"/><counter type="COMPLEXITY" missed="1" covered="7"/><counter type="METHOD" missed="0" covered="2"/><counter type="CLASS" missed="0" covered="1"/></class><class name="com/example/Room" sourcefilename="Room.java"><method name="&lt;init&gt;" desc="(Ljava/lang/String;Ljava/lang/String;I)V" line="8"><counter type="INSTRUCTION" missed="0" covered="12"/><counter type="LINE" missed="0" covered="5"/><counter type="COMPLEXITY" missed="0" covered="1"/><counter type="METHOD" missed="0" covered="1"/></method><method name="getCode" desc="()Ljava/lang/String;" line="14"><counter type="INSTRUCTION" missed="3" covered="0"/><counter type="LINE" missed="1" covered="0"/><counter type="COMPLEXITY" missed="1" covered="0"/><counter type="METHOD" missed="1" covered="0"/></method><method name="getName" desc="()Ljava/lang/String;" line="15"><counter type="INSTRUCTION" missed="3" covered="0"/><counter type="LINE" missed="1" covered="0"/><counter type="COMPLEXITY" missed="1" covered="0"/><counter type="METHOD" missed="1" covered="0"/></method><method name="getCapacity" desc="()I" line="16"><counter type="INSTRUCTION" missed="0" covered="3"/><counter type="LINE" missed="0" covered="1"/><counter type="COMPLEXITY" missed="0" covered="1"/><counter type="METHOD" missed="0" covered="1"/></method><counter type="INSTRUCTION" missed="6" covered="15"/><counter type="LINE" missed="2" covered="6"/><counter type="COMPLEXITY" missed="2" covered="2"/><counter type="METHOD" missed="2" covered="2"/><counter type="CLASS" missed="0" covered="1"/></class><sourcefile name="NotificationService.java"/><sourcefile name="RoomRepository.java"/><sourcefile name="ReservationReceipt.java"><line nr="14" mi="0" ci="2" mb="0" cb="0"/><line nr="15" mi="0" ci="3" mb="0" cb="0"/><line nr="16" mi="0" ci="3" mb="0" cb="0"/><line nr="17" mi="0" ci="3" mb="0" cb="0"/><line nr="18" mi="0" ci="3" mb="0" cb="0"/><line nr="19" mi="0" ci="3" mb="0" cb="0"/><line nr="20" mi="0" ci="1" mb="0" cb="0"/><line nr="22" mi="3" ci="0" mb="0" cb="0"/><line nr="23" mi="3" ci="0" mb="0" cb="0"/><line nr="24" mi="3" ci="0" mb="0" cb="0"/><line nr="25" mi="3" ci="0" mb="0" cb="0"/><line nr="26" mi="3" ci="0" mb="0" cb="0"/><counter type="INSTRUCTION" missed="15" covered="18"/><counter type="LINE" missed="5" covered="7"/><counter type="COMPLEXITY" missed="5" covered="1"/><counter type="METHOD" missed="5" covered="1"/><counter type="CLASS" missed="0" covered="1"/></sourcefile><sourcefile name="ReservationException.java"><line nr="5" mi="0" ci="3" mb="0" cb="0"/><line nr="6" mi="0" ci="1" mb="0" cb="0"/><counter type="INSTRUCTION" missed="0" covered="4"/><counter type="LINE" missed="0" covered="2"/><counter type="COMPLEXITY" missed="0" covered="1"/><counter type="METHOD" missed="0" covered="1"/><counter type="CLASS" missed="0" covered="1"/></sourcefile><sourcefile name="Room.java"><line nr="8" mi="0" ci="2" mb="0" cb="0"/><line nr="9" mi="0" ci="3" mb="0" cb="0"/><line nr="10" mi="0" ci="3" mb="0" cb="0"/><line nr="11" mi="0" ci="3" mb="0" cb="0"/><line nr="12" mi="0" ci="1" mb="0" cb="0"/><line nr="14" mi="3" ci="0" mb="0" cb="0"/><line nr="15" mi="3" ci="0" mb="0" cb="0"/><line nr="16" mi="0" ci="3" mb="0" cb="0"/><counter type="INSTRUCTION" missed="6" covered="15"/><counter type="LINE" missed="2" covered="6"/><counter type="COMPLEXITY" missed="2" covered="2"/><counter type="METHOD" missed="2" covered="2"/><counter type="CLASS" missed="0" covered="1"/></sourcefile><sourcefile name="Reservation.java"><line nr="13" mi="0" ci="2" mb="0" cb="0"/><line nr="14" mi="0" ci="3" mb="0" cb="0"/><line nr="15" mi="0" ci="3" mb="0" cb="0"/><line nr="16" mi="0" ci="3" mb="0" cb="0"/><line nr="17" mi="0" ci="3" mb="0" cb="0"/><line nr="18" mi="0" ci="3" mb="0" cb="0"/><line nr="19" mi="0" ci="1" mb="0" cb="0"/><line nr="21" mi="0" ci="3" mb="0" cb="0"/><line nr="22" mi="0" ci="3" mb="0" cb="0"/><line nr="23" mi="0" ci="3" mb="0" cb="0"/><line nr="24" mi="0" ci="3" mb="0" cb="0"/><line nr="25" mi="0" ci="3" mb="0" cb="0"/><counter type="INSTRUCTION" missed="0" covered="33"/><counter type="LINE" missed="0" covered="12"/><counter type="COMPLEXITY" missed="0" covered="6"/><counter type="METHOD" missed="0" covered="6"/><counter type="CLASS" missed="0" covered="1"/></sourcefile><sourcefile name="ReservationService.java"><line nr="13" mi="0" ci="2" mb="0" cb="0"/><line nr="14" mi="0" ci="3" mb="0" cb="0"/><line nr="15" mi="0" ci="3" mb="0" cb="0"/><line nr="16" mi="0" ci="3" mb="0" cb="0"/><line nr="17" mi="0" ci="1" mb="0" cb="0"/><line nr="20" mi="0" ci="6" mb="0" cb="0"/><line nr="21" mi="0" ci="3" mb="0" cb="2"/><line nr="22" mi="0" ci="5" mb="0" cb="0"/><line nr="25" mi="0" ci="6" mb="0" cb="2"/><line nr="26" mi="0" ci="5" mb="0" cb="0"/><line nr="29" mi="0" ci="4" mb="0" cb="0"/><line nr="30" mi="0" ci="5" mb="0" cb="2"/><line nr="31" mi="0" ci="5" mb="0" cb="0"/><line nr="34" mi="0" ci="6" mb="0" cb="0"/><line nr="35" mi="0" ci="10" mb="0" cb="2"/><line nr="36" mi="0" ci="7" mb="1" cb="1"/><line nr="37" mi="0" ci="5" mb="0" cb="2"/><line nr="38" mi="0" ci="5" mb="0" cb="0"/><line nr="40" mi="0" ci="1" mb="0" cb="0"/><line nr="42" mi="0" ci="3" mb="0" cb="0"/><line nr="43" mi="0" ci="2" mb="0" cb="0"/><line nr="44" mi="0" ci="2" mb="0" cb="0"/><line nr="45" mi="0" ci="2" mb="0" cb="0"/><line nr="46" mi="0" ci="4" mb="0" cb="0"/><line nr="49" mi="0" ci="6" mb="0" cb="0"/><line nr="50" mi="0" ci="2" mb="0" cb="0"/><counter type="INSTRUCTION" missed="0" covered="106"/><counter type="BRANCH" missed="1" covered="11"/><counter type="LINE" missed="0" covered="26"/><counter type="COMPLEXITY" missed="1" covered="7"/><counter type="METHOD" missed="0" covered="2"/><counter type="CLASS" missed="0" covered="1"/></sourcefile><sourcefile name="ReservationRepository.java"/><counter type="INSTRUCTION" missed="21" covered="176"/><counter type="BRANCH" missed="1" covered="11"/><counter type="LINE" missed="7" covered="53"/><counter type="COMPLEXITY" missed="8" covered="17"/><counter type="METHOD" missed="7" covered="12"/><counter type="CLASS" missed="0" covered="5"/></package><counter type="INSTRUCTION" missed="21" covered="176"/><counter type="BRANCH" missed="1" covered="11"/><counter type="LINE" missed="7" covered="53"/><counter type="COMPLEXITY" missed="8" covered="17"/><counter type="METHOD" missed="7" covered="12"/><counter type="CLASS" missed="0" covered="5"/></report>