<?xml version="1.0" encoding="UTF-8"?>
<testsuite xmlns:xsi="http://www.w3.org/2001/XMLSchema-instance" xsi:noNamespaceSchemaLocation="https://maven.apache.org/surefire/maven-surefire-plugin/xsd/surefire-test-report.xsd" version="3.0.2" name="com.example.RunCucumberTest" time="2.725" tests="5" errors="0" skipped="0" failures="0" flakes="0">
  <properties>
[...]
</properties>
  <testcase name="Commande acceptée pour client STANDARD" classname="RunCucumberTest" time="1.514">
    <system-out><![CDATA[
&amp#27;[1mScenario:&amp#27;[22m Commande acceptée pour client STANDARD                                             &amp#27;[90m# classpath:features/order-accepted.feature:3&amp#27;[39m
  &amp#27;[32m✔&amp#27;[39m &amp#27;[32m&amp#27;[1mGiven &amp#27;[22mun produit &amp#27;[1m"PROD-001"&amp#27;[22m nommé &amp#27;[1m"Laptop"&amp#27;[22m au prix de &amp#27;[1m1000.0&amp#27;[22m avec un stock de &amp#27;[1m10&amp#27;[22m&amp#27;[39m         &amp#27;[90m# com.example.OrderSteps.unProduit(java.lang.String,java.lang.String,double,int)&amp#27;[39m
  &amp#27;[32m✔&amp#27;[39m &amp#27;[32m&amp#27;[1mWhen &amp#27;[22mle client &amp#27;[1m"client@example.com"&amp#27;[22m de profil &amp#27;[1mSTANDARD&amp#27;[22m commande &amp#27;[1m2&amp#27;[22m unité(s) de &amp#27;[1m"PROD-001"&amp#27;[22m&amp#27;[39m &amp#27;[90m# com.example.OrderSteps.leClientCommande(java.lang.String,java.lang.String,int,java.lang.String)&amp#27;[39m
  &amp#27;[32m✔&amp#27;[39m &amp#27;[32m&amp#27;[1mThen &amp#27;[22mla commande est acceptée&amp#27;[39m                                                            &amp#27;[90m# com.example.OrderSteps.laCommandeEstAcceptee()&amp#27;[39m
  &amp#27;[32m✔&amp#27;[39m &amp#27;[32m&amp#27;[1mAnd &amp#27;[22mle montant total est &amp#27;[1m2000.0&amp#27;[22m&amp#27;[39m                                                          &amp#27;[90m# com.example.OrderSteps.leMontantTotalEst(double)&amp#27;[39m
  &amp#27;[32m✔&amp#27;[39m &amp#27;[32m&amp#27;[1mAnd &amp#27;[22mle message de confirmation contient &amp#27;[1m"Commande confirmée"&amp#27;[22m&amp#27;[39m                             &amp#27;[90m# com.example.OrderSteps.leMessageDeConfirmationContient(java.lang.String)&amp#27;[39m
]]></system-out>
    <system-err><![CDATA[Mockito is currently self-attaching to enable the inline-mock-maker. This will no longer work in future releases of the JDK. Please add Mockito as an agent to your build as described in Mockito's documentation: https://javadoc.io/doc/org.mockito/mockito-core/latest/org.mockito/org/mockito/Mockito.html#0.3
WARNING: A Java agent has been loaded dynamically (C:\Users\allan\.m2\repository\net\bytebuddy\byte-buddy-agent\1.17.7\byte-buddy-agent-1.17.7.jar)
WARNING: If a serviceability tool is in use, please run with -XX:+EnableDynamicAgentLoading to hide this warning
WARNING: If a serviceability tool is not in use, please run with -Djdk.instrument.traceUsage for more information
WARNING: Dynamic loading of agents will be disallowed by default in a future release
]]></system-err>
  </testcase>
  <testcase name="Commande acceptée pour client PREMIUM" classname="RunCucumberTest" time="0.01">
    <system-out><![CDATA[
&amp#27;[1mScenario:&amp#27;[22m Commande acceptée pour client PREMIUM                                              &amp#27;[90m# classpath:features/order-accepted.feature:10&amp#27;[39m
  &amp#27;[32m✔&amp#27;[39m &amp#27;[32m&amp#27;[1mGiven &amp#27;[22mun produit &amp#27;[1m"PROD-001"&amp#27;[22m nommé &amp#27;[1m"Laptop"&amp#27;[22m au prix de &amp#27;[1m1000.0&amp#27;[22m avec un stock de &amp#27;[1m10&amp#27;[22m&amp#27;[39m         &amp#27;[90m# com.example.OrderSteps.unProduit(java.lang.String,java.lang.String,double,int)&amp#27;[39m
  &amp#27;[32m✔&amp#27;[39m &amp#27;[32m&amp#27;[1mWhen &amp#27;[22mle client &amp#27;[1m"premium@example.com"&amp#27;[22m de profil &amp#27;[1mPREMIUM&amp#27;[22m commande &amp#27;[1m2&amp#27;[22m unité(s) de &amp#27;[1m"PROD-001"&amp#27;[22m&amp#27;[39m &amp#27;[90m# com.example.OrderSteps.leClientCommande(java.lang.String,java.lang.String,int,java.lang.String)&amp#27;[39m
  &amp#27;[32m✔&amp#27;[39m &amp#27;[32m&amp#27;[1mThen &amp#27;[22mla commande est acceptée&amp#27;[39m                                                            &amp#27;[90m# com.example.OrderSteps.laCommandeEstAcceptee()&amp#27;[39m
  &amp#27;[32m✔&amp#27;[39m &amp#27;[32m&amp#27;[1mAnd &amp#27;[22mle montant total est &amp#27;[1m1800.0&amp#27;[22m&amp#27;[39m                                                          &amp#27;[90m# com.example.OrderSteps.leMontantTotalEst(double)&amp#27;[39m
  &amp#27;[32m✔&amp#27;[39m &amp#27;[32m&amp#27;[1mAnd &amp#27;[22mle message de confirmation contient &amp#27;[1m"Commande confirmée"&amp#27;[22m&amp#27;[39m                             &amp#27;[90m# com.example.OrderSteps.leMessageDeConfirmationContient(java.lang.String)&amp#27;[39m
]]></system-out>
  </testcase>
  <testcase name="Commande acceptée pour client VIP" classname="RunCucumberTest" time="0.012">
    <system-out><![CDATA[
&amp#27;[1mScenario:&amp#27;[22m Commande acceptée pour client VIP                                          &amp#27;[90m# classpath:features/order-accepted.feature:17&amp#27;[39m
  &amp#27;[32m✔&amp#27;[39m &amp#27;[32m&amp#27;[1mGiven &amp#27;[22mun produit &amp#27;[1m"PROD-001"&amp#27;[22m nommé &amp#27;[1m"Laptop"&amp#27;[22m au prix de &amp#27;[1m1000.0&amp#27;[22m avec un stock de &amp#27;[1m10&amp#27;[22m&amp#27;[39m &amp#27;[90m# com.example.OrderSteps.unProduit(java.lang.String,java.lang.String,double,int)&amp#27;[39m
  &amp#27;[32m✔&amp#27;[39m &amp#27;[32m&amp#27;[1mWhen &amp#27;[22mle client &amp#27;[1m"vip@example.com"&amp#27;[22m de profil &amp#27;[1mVIP&amp#27;[22m commande &amp#27;[1m2&amp#27;[22m unité(s) de &amp#27;[1m"PROD-001"&amp#27;[22m&amp#27;[39m &amp#27;[90m# com.example.OrderSteps.leClientCommande(java.lang.String,java.lang.String,int,java.lang.String)&amp#27;[39m
  &amp#27;[32m✔&amp#27;[39m &amp#27;[32m&amp#27;[1mThen &amp#27;[22mla commande est acceptée&amp#27;[39m                                                    &amp#27;[90m# com.example.OrderSteps.laCommandeEstAcceptee()&amp#27;[39m
  &amp#27;[32m✔&amp#27;[39m &amp#27;[32m&amp#27;[1mAnd &amp#27;[22mle montant total est &amp#27;[1m1600.0&amp#27;[22m&amp#27;[39m                                                  &amp#27;[90m# com.example.OrderSteps.leMontantTotalEst(double)&amp#27;[39m
  &amp#27;[32m✔&amp#27;[39m &amp#27;[32m&amp#27;[1mAnd &amp#27;[22mle message de confirmation contient &amp#27;[1m"Commande confirmée"&amp#27;[22m&amp#27;[39m                     &amp#27;[90m# com.example.OrderSteps.leMessageDeConfirmationContient(java.lang.String)&amp#27;[39m
]]></system-out>
  </testcase>
  <testcase name="Commande refusée si produit inconnu" classname="RunCucumberTest" time="0.011">
    <system-out><![CDATA[
&amp#27;[1mScenario:&amp#27;[22m Commande refusée si produit inconnu                                                &amp#27;[90m# classpath:features/order-refused.feature:3&amp#27;[39m
  &amp#27;[32m✔&amp#27;[39m &amp#27;[32m&amp#27;[1mGiven &amp#27;[22maucun produit n'existe avec la référence &amp#27;[1m"PROD-999"&amp#27;[22m&amp#27;[39m                                &amp#27;[90m# com.example.OrderSteps.aucunProduitNExisteAvecLaReference(java.lang.String)&amp#27;[39m
  &amp#27;[32m✔&amp#27;[39m &amp#27;[32m&amp#27;[1mWhen &amp#27;[22mle client &amp#27;[1m"client@example.com"&amp#27;[22m de profil &amp#27;[1mSTANDARD&amp#27;[22m commande &amp#27;[1m1&amp#27;[22m unité(s) de &amp#27;[1m"PROD-999"&amp#27;[22m&amp#27;[39m &amp#27;[90m# com.example.OrderSteps.leClientCommande(java.lang.String,java.lang.String,int,java.lang.String)&amp#27;[39m
  &amp#27;[32m✔&amp#27;[39m &amp#27;[32m&amp#27;[1mThen &amp#27;[22mla commande est refusée&amp#27;[39m                                                             &amp#27;[90m# com.example.OrderSteps.laCommandeEstRefusee()&amp#27;[39m
  &amp#27;[32m✔&amp#27;[39m &amp#27;[32m&amp#27;[1mAnd &amp#27;[22mle motif du refus est &amp#27;[1m"Produit inconnu"&amp#27;[22m&amp#27;[39m                                              &amp#27;[90m# com.example.OrderSteps.leMotifDuRefusEst(java.lang.String)&amp#27;[39m
]]></system-out>
  </testcase>
  <testcase name="Commande refusée si stock insuffisant" classname="RunCucumberTest" time="0.01">
    <system-out><![CDATA[
&amp#27;[1mScenario:&amp#27;[22m Commande refusée si stock insuffisant                                              &amp#27;[90m# classpath:features/order-refused.feature:9&amp#27;[39m
  &amp#27;[32m✔&amp#27;[39m &amp#27;[32m&amp#27;[1mGiven &amp#27;[22mun produit &amp#27;[1m"PROD-001"&amp#27;[22m nommé &amp#27;[1m"Laptop"&amp#27;[22m au prix de &amp#27;[1m1000.0&amp#27;[22m avec un stock de &amp#27;[1m2&amp#27;[22m&amp#27;[39m          &amp#27;[90m# com.example.OrderSteps.unProduit(java.lang.String,java.lang.String,double,int)&amp#27;[39m
  &amp#27;[32m✔&amp#27;[39m &amp#27;[32m&amp#27;[1mWhen &amp#27;[22mle client &amp#27;[1m"client@example.com"&amp#27;[22m de profil &amp#27;[1mSTANDARD&amp#27;[22m commande &amp#27;[1m5&amp#27;[22m unité(s) de &amp#27;[1m"PROD-001"&amp#27;[22m&amp#27;[39m &amp#27;[90m# com.example.OrderSteps.leClientCommande(java.lang.String,java.lang.String,int,java.lang.String)&amp#27;[39m
  &amp#27;[32m✔&amp#27;[39m &amp#27;[32m&amp#27;[1mThen &amp#27;[22mla commande est refusée&amp#27;[39m                                                             &amp#27;[90m# com.example.OrderSteps.laCommandeEstRefusee()&amp#27;[39m
  &amp#27;[32m✔&amp#27;[39m &amp#27;[32m&amp#27;[1mAnd &amp#27;[22mle motif du refus est &amp#27;[1m"Stock insuffisant"&amp#27;[22m&amp#27;[39m                                            &amp#27;[90m# com.example.OrderSteps.leMotifDuRefusEst(java.lang.String)&amp#27;[39m
]]></system-out>
  </testcase>
</testsuite>