<?xml version="1.0" encoding="UTF-8"?>
<testsuite xmlns:xsi="http://www.w3.org/2001/XMLSchema-instance" xsi:noNamespaceSchemaLocation="https://maven.apache.org/surefire/maven-surefire-plugin/xsd/surefire-test-report.xsd" version="3.0.2" name="com.example.RunCucumberTest" time="2.322" tests="7" errors="0" skipped="0" failures="0" flakes="0">
  <properties>
[...]
</properties>
  <testcase name="Réservation acceptée" classname="RunCucumberTest" time="1.249">
    <system-out><![CDATA[
&amp#27;[1mScenario:&amp#27;[22m Réservation acceptée                                                                                &amp#27;[90m# classpath:features/reservation-accepted.feature:3&amp#27;[39m
  &amp#27;[32m✔&amp#27;[39m &amp#27;[32m&amp#27;[1mGiven &amp#27;[22mla salle &amp#27;[1m"SALLE-A"&amp#27;[22m nommée &amp#27;[1m"Salle Alpha"&amp#27;[22m avec une capacité de &amp#27;[1m10&amp#27;[22m&amp#27;[39m                                     &amp#27;[90m# com.example.ReservationSteps.laSalle(java.lang.String,java.lang.String,int)&amp#27;[39m
  &amp#27;[32m✔&amp#27;[39m &amp#27;[32m&amp#27;[1mAnd &amp#27;[22maucune réservation existante pour &amp#27;[1m"SALLE-A"&amp#27;[22m&amp#27;[39m                                                           &amp#27;[90m# com.example.ReservationSteps.aucuneReservationExistantePour(java.lang.String)&amp#27;[39m
  &amp#27;[32m✔&amp#27;[39m &amp#27;[32m&amp#27;[1mWhen &amp#27;[22m&amp#27;[1m"user@example.com"&amp#27;[22m réserve &amp#27;[1m"SALLE-A"&amp#27;[22m pour &amp#27;[1m5&amp#27;[22m participants du &amp#27;[1m"2026-06-10T09:00"&amp#27;[22m au &amp#27;[1m"2026-06-10T11:00"&amp#27;[22m&amp#27;[39m &amp#27;[90m# com.example.ReservationSteps.reserve(java.lang.String,java.lang.String,int,java.lang.String,java.lang.String)&amp#27;[39m
  &amp#27;[32m✔&amp#27;[39m &amp#27;[32m&amp#27;[1mThen &amp#27;[22mla réservation est acceptée&amp#27;[39m                                                                          &amp#27;[90m# com.example.ReservationSteps.laReservationEstAcceptee()&amp#27;[39m
  &amp#27;[32m✔&amp#27;[39m &amp#27;[32m&amp#27;[1mAnd &amp#27;[22mune confirmation est envoyée à &amp#27;[1m"user@example.com"&amp#27;[22m&amp#27;[39m                                                     &amp#27;[90m# com.example.ReservationSteps.uneConfirmationEstEnvoyeeA(java.lang.String)&amp#27;[39m
]]></system-out>
    <system-err><![CDATA[Mockito is currently self-attaching to enable the inline-mock-maker. This will no longer work in future releases of the JDK. Please add Mockito as an agent to your build as described in Mockito's documentation: https://javadoc.io/doc/org.mockito/mockito-core/latest/org.mockito/org/mockito/Mockito.html#0.3
WARNING: A Java agent has been loaded dynamically (C:\Users\allan\.m2\repository\net\bytebuddy\byte-buddy-agent\1.17.7\byte-buddy-agent-1.17.7.jar)
WARNING: If a serviceability tool is in use, please run with -XX:+EnableDynamicAgentLoading to hide this warning
WARNING: If a serviceability tool is not in use, please run with -Djdk.instrument.traceUsage for more information
WARNING: Dynamic loading of agents will be disallowed by default in a future release
]]></system-err>
  </testcase>
  <testcase name="Réservation acceptée à capacité maximale" classname="RunCucumberTest" time="0.012">
    <system-out><![CDATA[
&amp#27;[1mScenario:&amp#27;[22m Réservation acceptée à capacité maximale                                                             &amp#27;[90m# classpath:features/reservation-accepted.feature:10&amp#27;[39m
  &amp#27;[32m✔&amp#27;[39m &amp#27;[32m&amp#27;[1mGiven &amp#27;[22mla salle &amp#27;[1m"SALLE-A"&amp#27;[22m nommée &amp#27;[1m"Salle Alpha"&amp#27;[22m avec une capacité de &amp#27;[1m10&amp#27;[22m&amp#27;[39m                                      &amp#27;[90m# com.example.ReservationSteps.laSalle(java.lang.String,java.lang.String,int)&amp#27;[39m
  &amp#27;[32m✔&amp#27;[39m &amp#27;[32m&amp#27;[1mAnd &amp#27;[22maucune réservation existante pour &amp#27;[1m"SALLE-A"&amp#27;[22m&amp#27;[39m                                                            &amp#27;[90m# com.example.ReservationSteps.aucuneReservationExistantePour(java.lang.String)&amp#27;[39m
  &amp#27;[32m✔&amp#27;[39m &amp#27;[32m&amp#27;[1mWhen &amp#27;[22m&amp#27;[1m"user@example.com"&amp#27;[22m réserve &amp#27;[1m"SALLE-A"&amp#27;[22m pour &amp#27;[1m10&amp#27;[22m participants du &amp#27;[1m"2026-06-10T09:00"&amp#27;[22m au &amp#27;[1m"2026-06-10T11:00"&amp#27;[22m&amp#27;[39m &amp#27;[90m# com.example.ReservationSteps.reserve(java.lang.String,java.lang.String,int,java.lang.String,java.lang.String)&amp#27;[39m
  &amp#27;[32m✔&amp#27;[39m &amp#27;[32m&amp#27;[1mThen &amp#27;[22mla réservation est acceptée&amp#27;[39m                                                                           &amp#27;[90m# com.example.ReservationSteps.laReservationEstAcceptee()&amp#27;[39m
  &amp#27;[32m✔&amp#27;[39m &amp#27;[32m&amp#27;[1mAnd &amp#27;[22mune confirmation est envoyée à &amp#27;[1m"user@example.com"&amp#27;[22m&amp#27;[39m                                                      &amp#27;[90m# com.example.ReservationSteps.uneConfirmationEstEnvoyeeA(java.lang.String)&amp#27;[39m
]]></system-out>
  </testcase>
  <testcase name="Réservation acceptée si le créneau commence après une réservation existante" classname="RunCucumberTest" time="0.01">
    <system-out><![CDATA[
&amp#27;[1mScenario:&amp#27;[22m Réservation acceptée si le créneau commence après une réservation existante                         &amp#27;[90m# classpath:features/reservation-accepted.feature:17&amp#27;[39m
  &amp#27;[32m✔&amp#27;[39m &amp#27;[32m&amp#27;[1mGiven &amp#27;[22mla salle &amp#27;[1m"SALLE-A"&amp#27;[22m nommée &amp#27;[1m"Salle Alpha"&amp#27;[22m avec une capacité de &amp#27;[1m10&amp#27;[22m&amp#27;[39m                                     &amp#27;[90m# com.example.ReservationSteps.laSalle(java.lang.String,java.lang.String,int)&amp#27;[39m
  &amp#27;[32m✔&amp#27;[39m &amp#27;[32m&amp#27;[1mAnd &amp#27;[22mune réservation existante pour &amp#27;[1m"SALLE-A"&amp#27;[22m du &amp#27;[1m"2026-06-10T07:00"&amp#27;[22m au &amp#27;[1m"2026-06-10T09:00"&amp#27;[22m&amp#27;[39m                  &amp#27;[90m# com.example.ReservationSteps.uneReservationExistantePour(java.lang.String,java.lang.String,java.lang.String)&amp#27;[39m
  &amp#27;[32m✔&amp#27;[39m &amp#27;[32m&amp#27;[1mWhen &amp#27;[22m&amp#27;[1m"user@example.com"&amp#27;[22m réserve &amp#27;[1m"SALLE-A"&amp#27;[22m pour &amp#27;[1m5&amp#27;[22m participants du &amp#27;[1m"2026-06-10T09:00"&amp#27;[22m au &amp#27;[1m"2026-06-10T11:00"&amp#27;[22m&amp#27;[39m &amp#27;[90m# com.example.ReservationSteps.reserve(java.lang.String,java.lang.String,int,java.lang.String,java.lang.String)&amp#27;[39m
  &amp#27;[32m✔&amp#27;[39m &amp#27;[32m&amp#27;[1mThen &amp#27;[22mla réservation est acceptée&amp#27;[39m                                                                          &amp#27;[90m# com.example.ReservationSteps.laReservationEstAcceptee()&amp#27;[39m
  &amp#27;[32m✔&amp#27;[39m &amp#27;[32m&amp#27;[1mAnd &amp#27;[22mune confirmation est envoyée à &amp#27;[1m"user@example.com"&amp#27;[22m&amp#27;[39m                                                     &amp#27;[90m# com.example.ReservationSteps.uneConfirmationEstEnvoyeeA(java.lang.String)&amp#27;[39m
]]></system-out>
  </testcase>
  <testcase name="Réservation refusée si salle inconnue" classname="RunCucumberTest" time="0.012">
    <system-out><![CDATA[
&amp#27;[1mScenario:&amp#27;[22m Réservation refusée si salle inconnue                                                               &amp#27;[90m# classpath:features/reservation-refused.feature:3&amp#27;[39m
  &amp#27;[32m✔&amp#27;[39m &amp#27;[32m&amp#27;[1mGiven &amp#27;[22maucune salle n'existe avec le code &amp#27;[1m"SALLE-Z"&amp#27;[22m&amp#27;[39m                                                        &amp#27;[90m# com.example.ReservationSteps.aucuneSalleNExisteAvecLeCode(java.lang.String)&amp#27;[39m
  &amp#27;[32m✔&amp#27;[39m &amp#27;[32m&amp#27;[1mWhen &amp#27;[22m&amp#27;[1m"user@example.com"&amp#27;[22m réserve &amp#27;[1m"SALLE-Z"&amp#27;[22m pour &amp#27;[1m5&amp#27;[22m participants du &amp#27;[1m"2026-06-10T09:00"&amp#27;[22m au &amp#27;[1m"2026-06-10T11:00"&amp#27;[22m&amp#27;[39m &amp#27;[90m# com.example.ReservationSteps.reserve(java.lang.String,java.lang.String,int,java.lang.String,java.lang.String)&amp#27;[39m
  &amp#27;[32m✔&amp#27;[39m &amp#27;[32m&amp#27;[1mThen &amp#27;[22mla réservation est refusée&amp#27;[39m                                                                           &amp#27;[90m# com.example.ReservationSteps.laReservationEstRefusee()&amp#27;[39m
  &amp#27;[32m✔&amp#27;[39m &amp#27;[32m&amp#27;[1mAnd &amp#27;[22mle motif du refus est &amp#27;[1m"Salle inconnue"&amp#27;[22m&amp#27;[39m                                                                &amp#27;[90m# com.example.ReservationSteps.leMotifDuRefusEst(java.lang.String)&amp#27;[39m
  &amp#27;[32m✔&amp#27;[39m &amp#27;[32m&amp#27;[1mAnd &amp#27;[22maucune confirmation n'est envoyée&amp#27;[39m                                                                     &amp#27;[90m# com.example.ReservationSteps.aucuneConfirmationNEstEnvoyee()&amp#27;[39m
]]></system-out>
  </testcase>
  <testcase name="Réservation refusée si capacité insuffisante" classname="RunCucumberTest" time="0.008">
    <system-out><![CDATA[
&amp#27;[1mScenario:&amp#27;[22m Réservation refusée si capacité insuffisante                                                         &amp#27;[90m# classpath:features/reservation-refused.feature:10&amp#27;[39m
  &amp#27;[32m✔&amp#27;[39m &amp#27;[32m&amp#27;[1mGiven &amp#27;[22mla salle &amp#27;[1m"SALLE-A"&amp#27;[22m nommée &amp#27;[1m"Salle Alpha"&amp#27;[22m avec une capacité de &amp#27;[1m5&amp#27;[22m&amp#27;[39m                                       &amp#27;[90m# com.example.ReservationSteps.laSalle(java.lang.String,java.lang.String,int)&amp#27;[39m
  &amp#27;[32m✔&amp#27;[39m &amp#27;[32m&amp#27;[1mAnd &amp#27;[22maucune réservation existante pour &amp#27;[1m"SALLE-A"&amp#27;[22m&amp#27;[39m                                                            &amp#27;[90m# com.example.ReservationSteps.aucuneReservationExistantePour(java.lang.String)&amp#27;[39m
  &amp#27;[32m✔&amp#27;[39m &amp#27;[32m&amp#27;[1mWhen &amp#27;[22m&amp#27;[1m"user@example.com"&amp#27;[22m réserve &amp#27;[1m"SALLE-A"&amp#27;[22m pour &amp#27;[1m10&amp#27;[22m participants du &amp#27;[1m"2026-06-10T09:00"&amp#27;[22m au &amp#27;[1m"2026-06-10T11:00"&amp#27;[22m&amp#27;[39m &amp#27;[90m# com.example.ReservationSteps.reserve(java.lang.String,java.lang.String,int,java.lang.String,java.lang.String)&amp#27;[39m
  &amp#27;[32m✔&amp#27;[39m &amp#27;[32m&amp#27;[1mThen &amp#27;[22mla réservation est refusée&amp#27;[39m                                                                            &amp#27;[90m# com.example.ReservationSteps.laReservationEstRefusee()&amp#27;[39m
  &amp#27;[32m✔&amp#27;[39m &amp#27;[32m&amp#27;[1mAnd &amp#27;[22mle motif du refus est &amp#27;[1m"Capacité insuffisante"&amp#27;[22m&amp#27;[39m                                                          &amp#27;[90m# com.example.ReservationSteps.leMotifDuRefusEst(java.lang.String)&amp#27;[39m
  &amp#27;[32m✔&amp#27;[39m &amp#27;[32m&amp#27;[1mAnd &amp#27;[22maucune confirmation n'est envoyée&amp#27;[39m                                                                      &amp#27;[90m# com.example.ReservationSteps.aucuneConfirmationNEstEnvoyee()&amp#27;[39m
]]></system-out>
  </testcase>
  <testcase name="Réservation refusée si période invalide" classname="RunCucumberTest" time="0.007">
    <system-out><![CDATA[
&amp#27;[1mScenario:&amp#27;[22m Réservation refusée si période invalide                                                             &amp#27;[90m# classpath:features/reservation-refused.feature:18&amp#27;[39m
  &amp#27;[32m✔&amp#27;[39m &amp#27;[32m&amp#27;[1mGiven &amp#27;[22mla salle &amp#27;[1m"SALLE-A"&amp#27;[22m nommée &amp#27;[1m"Salle Alpha"&amp#27;[22m avec une capacité de &amp#27;[1m10&amp#27;[22m&amp#27;[39m                                     &amp#27;[90m# com.example.ReservationSteps.laSalle(java.lang.String,java.lang.String,int)&amp#27;[39m
  &amp#27;[32m✔&amp#27;[39m &amp#27;[32m&amp#27;[1mAnd &amp#27;[22maucune réservation existante pour &amp#27;[1m"SALLE-A"&amp#27;[22m&amp#27;[39m                                                           &amp#27;[90m# com.example.ReservationSteps.aucuneReservationExistantePour(java.lang.String)&amp#27;[39m
  &amp#27;[32m✔&amp#27;[39m &amp#27;[32m&amp#27;[1mWhen &amp#27;[22m&amp#27;[1m"user@example.com"&amp#27;[22m réserve &amp#27;[1m"SALLE-A"&amp#27;[22m pour &amp#27;[1m5&amp#27;[22m participants du &amp#27;[1m"2026-06-10T11:00"&amp#27;[22m au &amp#27;[1m"2026-06-10T09:00"&amp#27;[22m&amp#27;[39m &amp#27;[90m# com.example.ReservationSteps.reserve(java.lang.String,java.lang.String,int,java.lang.String,java.lang.String)&amp#27;[39m
  &amp#27;[32m✔&amp#27;[39m &amp#27;[32m&amp#27;[1mThen &amp#27;[22mla réservation est refusée&amp#27;[39m                                                                           &amp#27;[90m# com.example.ReservationSteps.laReservationEstRefusee()&amp#27;[39m
  &amp#27;[32m✔&amp#27;[39m &amp#27;[32m&amp#27;[1mAnd &amp#27;[22mle motif du refus est &amp#27;[1m"Période invalide"&amp#27;[22m&amp#27;[39m                                                              &amp#27;[90m# com.example.ReservationSteps.leMotifDuRefusEst(java.lang.String)&amp#27;[39m
  &amp#27;[32m✔&amp#27;[39m &amp#27;[32m&amp#27;[1mAnd &amp#27;[22maucune confirmation n'est envoyée&amp#27;[39m                                                                     &amp#27;[90m# com.example.ReservationSteps.aucuneConfirmationNEstEnvoyee()&amp#27;[39m
]]></system-out>
  </testcase>
  <testcase name="Réservation refusée si conflit de réservation" classname="RunCucumberTest" time="0.009">
    <system-out><![CDATA[
&amp#27;[1mScenario:&amp#27;[22m Réservation refusée si conflit de réservation                                                       &amp#27;[90m# classpath:features/reservation-refused.feature:26&amp#27;[39m
  &amp#27;[32m✔&amp#27;[39m &amp#27;[32m&amp#27;[1mGiven &amp#27;[22mla salle &amp#27;[1m"SALLE-A"&amp#27;[22m nommée &amp#27;[1m"Salle Alpha"&amp#27;[22m avec une capacité de &amp#27;[1m10&amp#27;[22m&amp#27;[39m                                     &amp#27;[90m# com.example.ReservationSteps.laSalle(java.lang.String,java.lang.String,int)&amp#27;[39m
  &amp#27;[32m✔&amp#27;[39m &amp#27;[32m&amp#27;[1mAnd &amp#27;[22mune réservation existante pour &amp#27;[1m"SALLE-A"&amp#27;[22m du &amp#27;[1m"2026-06-10T08:00"&amp#27;[22m au &amp#27;[1m"2026-06-10T11:00"&amp#27;[22m&amp#27;[39m                  &amp#27;[90m# com.example.ReservationSteps.uneReservationExistantePour(java.lang.String,java.lang.String,java.lang.String)&amp#27;[39m
  &amp#27;[32m✔&amp#27;[39m &amp#27;[32m&amp#27;[1mWhen &amp#27;[22m&amp#27;[1m"user@example.com"&amp#27;[22m réserve &amp#27;[1m"SALLE-A"&amp#27;[22m pour &amp#27;[1m5&amp#27;[22m participants du &amp#27;[1m"2026-06-10T09:00"&amp#27;[22m au &amp#27;[1m"2026-06-10T12:00"&amp#27;[22m&amp#27;[39m &amp#27;[90m# com.example.ReservationSteps.reserve(java.lang.String,java.lang.String,int,java.lang.String,java.lang.String)&amp#27;[39m
  &amp#27;[32m✔&amp#27;[39m &amp#27;[32m&amp#27;[1mThen &amp#27;[22mla réservation est refusée&amp#27;[39m                                                                           &amp#27;[90m# com.example.ReservationSteps.laReservationEstRefusee()&amp#27;[39m
  &amp#27;[32m✔&amp#27;[39m &amp#27;[32m&amp#27;[1mAnd &amp#27;[22mle motif du refus est &amp#27;[1m"Créneau non disponible"&amp#27;[22m&amp#27;[39m                                                        &amp#27;[90m# com.example.ReservationSteps.leMotifDuRefusEst(java.lang.String)&amp#27;[39m
  &amp#27;[32m✔&amp#27;[39m &amp#27;[32m&amp#27;[1mAnd &amp#27;[22maucune confirmation n'est envoyée&amp#27;[39m                                                                     &amp#27;[90m# com.example.ReservationSteps.aucuneConfirmationNEstEnvoyee()&amp#27;[39m
]]></system-out>
  </testcase>
</testsuite>