<?xml version="1.0" encoding="UTF-8"?>
<testsuite xmlns:xsi="http://www.w3.org/2001/XMLSchema-instance" xsi:noNamespaceSchemaLocation="https://maven.apache.org/surefire/maven-surefire-plugin/xsd/surefire-test-report.xsd" version="3.0.2" name="com.example.bankapi.bdd.RunCucumberTest" time="1.087" tests="6" errors="0" skipped="0" failures="0">
  <properties>
[...]
</properties>
  <testcase name="Créer un nouveau compte" classname="RunCucumberTest" time="0.142">
    <system-out><![CDATA[2026-06-26T16:38:23.268+02:00  INFO 2804 --- [exercice13] [           main] t.c.s.AnnotationConfigContextLoaderUtils : Could not detect default configuration classes for test class [com.example.bankapi.bdd.CucumberSpringConfiguration]: CucumberSpringConfiguration does not declare any static, non-private, non-final, nested classes annotated with @Configuration.
2026-06-26T16:38:23.280+02:00  INFO 2804 --- [exercice13] [           main] .b.t.c.SpringBootTestContextBootstrapper : Found @SpringBootConfiguration com.example.bankapi.BankApiApplication for test class com.example.bankapi.bdd.CucumberSpringConfiguration

Scenario: Créer un nouveau compte                                       &amp#27;[90m# features/accounts.feature:3&amp#27;[0m
  &amp#27;[32mGiven &amp#27;[0m&amp#27;[32maucun compte n'existe&amp#27;[0m                                           &amp#27;[90m# com.example.bankapi.bdd.BankApiStepDefinitions.aucun_compte_nexiste()&amp#27;[0m
  &amp#27;[32mWhen &amp#27;[0m&amp#27;[32mje crée un compte avec le numéro &amp#27;[0m&amp#27;[32m&amp#27;[1m"FR001"&amp#27;[0m&amp#27;[32m et le titulaire &amp#27;[0m&amp#27;[32m&amp#27;[1m"Alice"&amp#27;[0m &amp#27;[90m# com.example.bankapi.bdd.BankApiStepDefinitions.je_cree_un_compte(java.lang.String,java.lang.String)&amp#27;[0m
  &amp#27;[32mThen &amp#27;[0m&amp#27;[32mle statut de la réponse est &amp#27;[0m&amp#27;[32m&amp#27;[1m201&amp#27;[0m                                  &amp#27;[90m# com.example.bankapi.bdd.BankApiStepDefinitions.le_statut_est(int)&amp#27;[0m
  &amp#27;[32mAnd &amp#27;[0m&amp#27;[32mle compte a un solde de &amp#27;[0m&amp#27;[32m&amp#27;[1m0.0&amp#27;[0m                                       &amp#27;[90m# com.example.bankapi.bdd.BankApiStepDefinitions.le_compte_a_un_solde_de(double)&amp#27;[0m
]]></system-out>
  </testcase>
  <testcase name="Déposer de l&apos;argent sur un compte" classname="RunCucumberTest" time="0.032">
    <system-out><![CDATA[2026-06-26T16:38:23.381+02:00  INFO 2804 --- [exercice13] [           main] t.c.s.AnnotationConfigContextLoaderUtils : Could not detect default configuration classes for test class [com.example.bankapi.bdd.CucumberSpringConfiguration]: CucumberSpringConfiguration does not declare any static, non-private, non-final, nested classes annotated with @Configuration.
2026-06-26T16:38:23.384+02:00  INFO 2804 --- [exercice13] [           main] .b.t.c.SpringBootTestContextBootstrapper : Found @SpringBootConfiguration com.example.bankapi.BankApiApplication for test class com.example.bankapi.bdd.CucumberSpringConfiguration

Scenario: Déposer de l'argent sur un compte       &amp#27;[90m# features/accounts.feature:9&amp#27;[0m
  &amp#27;[32mGiven &amp#27;[0m&amp#27;[32mun compte &amp#27;[0m&amp#27;[32m&amp#27;[1m"FR001"&amp#27;[0m&amp#27;[32m existe avec &amp#27;[0m&amp#27;[32m&amp#27;[1m100.0&amp#27;[0m&amp#27;[32m euros&amp#27;[0m &amp#27;[90m# com.example.bankapi.bdd.BankApiStepDefinitions.un_compte_existe_avec(java.lang.String,double)&amp#27;[0m
  &amp#27;[32mWhen &amp#27;[0m&amp#27;[32mje dépose &amp#27;[0m&amp#27;[32m&amp#27;[1m50.0&amp#27;[0m&amp#27;[32m euros sur le compte &amp#27;[0m&amp#27;[32m&amp#27;[1m"FR001"&amp#27;[0m &amp#27;[90m# com.example.bankapi.bdd.BankApiStepDefinitions.je_depose(double,java.lang.String)&amp#27;[0m
  &amp#27;[32mThen &amp#27;[0m&amp#27;[32mle statut de la réponse est &amp#27;[0m&amp#27;[32m&amp#27;[1m200&amp#27;[0m            &amp#27;[90m# com.example.bankapi.bdd.BankApiStepDefinitions.le_statut_est(int)&amp#27;[0m
  &amp#27;[32mAnd &amp#27;[0m&amp#27;[32mle compte a un solde de &amp#27;[0m&amp#27;[32m&amp#27;[1m150.0&amp#27;[0m               &amp#27;[90m# com.example.bankapi.bdd.BankApiStepDefinitions.le_compte_a_un_solde_de(double)&amp#27;[0m
]]></system-out>
  </testcase>
  <testcase name="Retirer de l&apos;argent avec succès" classname="RunCucumberTest" time="0.022">
    <system-out><![CDATA[2026-06-26T16:38:23.415+02:00  INFO 2804 --- [exercice13] [           main] t.c.s.AnnotationConfigContextLoaderUtils : Could not detect default configuration classes for test class [com.example.bankapi.bdd.CucumberSpringConfiguration]: CucumberSpringConfiguration does not declare any static, non-private, non-final, nested classes annotated with @Configuration.
2026-06-26T16:38:23.417+02:00  INFO 2804 --- [exercice13] [           main] .b.t.c.SpringBootTestContextBootstrapper : Found @SpringBootConfiguration com.example.bankapi.BankApiApplication for test class com.example.bankapi.bdd.CucumberSpringConfiguration

Scenario: Retirer de l'argent avec succès         &amp#27;[90m# features/accounts.feature:15&amp#27;[0m
  &amp#27;[32mGiven &amp#27;[0m&amp#27;[32mun compte &amp#27;[0m&amp#27;[32m&amp#27;[1m"FR001"&amp#27;[0m&amp#27;[32m existe avec &amp#27;[0m&amp#27;[32m&amp#27;[1m200.0&amp#27;[0m&amp#27;[32m euros&amp#27;[0m &amp#27;[90m# com.example.bankapi.bdd.BankApiStepDefinitions.un_compte_existe_avec(java.lang.String,double)&amp#27;[0m
  &amp#27;[32mWhen &amp#27;[0m&amp#27;[32mje retire &amp#27;[0m&amp#27;[32m&amp#27;[1m80.0&amp#27;[0m&amp#27;[32m euros du compte &amp#27;[0m&amp#27;[32m&amp#27;[1m"FR001"&amp#27;[0m     &amp#27;[90m# com.example.bankapi.bdd.BankApiStepDefinitions.je_retire(double,java.lang.String)&amp#27;[0m
  &amp#27;[32mThen &amp#27;[0m&amp#27;[32mle statut de la réponse est &amp#27;[0m&amp#27;[32m&amp#27;[1m200&amp#27;[0m            &amp#27;[90m# com.example.bankapi.bdd.BankApiStepDefinitions.le_statut_est(int)&amp#27;[0m
  &amp#27;[32mAnd &amp#27;[0m&amp#27;[32mle compte a un solde de &amp#27;[0m&amp#27;[32m&amp#27;[1m120.0&amp#27;[0m               &amp#27;[90m# com.example.bankapi.bdd.BankApiStepDefinitions.le_compte_a_un_solde_de(double)&amp#27;[0m
]]></system-out>
  </testcase>
  <testcase name="Retrait refusé pour fonds insuffisants" classname="RunCucumberTest" time="0.021">
    <system-out><![CDATA[2026-06-26T16:38:23.436+02:00  INFO 2804 --- [exercice13] [           main] t.c.s.AnnotationConfigContextLoaderUtils : Could not detect default configuration classes for test class [com.example.bankapi.bdd.CucumberSpringConfiguration]: CucumberSpringConfiguration does not declare any static, non-private, non-final, nested classes annotated with @Configuration.
2026-06-26T16:38:23.439+02:00  INFO 2804 --- [exercice13] [           main] .b.t.c.SpringBootTestContextBootstrapper : Found @SpringBootConfiguration com.example.bankapi.BankApiApplication for test class com.example.bankapi.bdd.CucumberSpringConfiguration

Scenario: Retrait refusé pour fonds insuffisants &amp#27;[90m# features/accounts.feature:21&amp#27;[0m
  &amp#27;[32mGiven &amp#27;[0m&amp#27;[32mun compte &amp#27;[0m&amp#27;[32m&amp#27;[1m"FR001"&amp#27;[0m&amp#27;[32m existe avec &amp#27;[0m&amp#27;[32m&amp#27;[1m30.0&amp#27;[0m&amp#27;[32m euros&amp#27;[0m &amp#27;[90m# com.example.bankapi.bdd.BankApiStepDefinitions.un_compte_existe_avec(java.lang.String,double)&amp#27;[0m
  &amp#27;[32mWhen &amp#27;[0m&amp#27;[32mje retire &amp#27;[0m&amp#27;[32m&amp#27;[1m100.0&amp#27;[0m&amp#27;[32m euros du compte &amp#27;[0m&amp#27;[32m&amp#27;[1m"FR001"&amp#27;[0m   &amp#27;[90m# com.example.bankapi.bdd.BankApiStepDefinitions.je_retire(double,java.lang.String)&amp#27;[0m
  &amp#27;[32mThen &amp#27;[0m&amp#27;[32mle statut de la réponse est &amp#27;[0m&amp#27;[32m&amp#27;[1m422&amp#27;[0m           &amp#27;[90m# com.example.bankapi.bdd.BankApiStepDefinitions.le_statut_est(int)&amp#27;[0m
]]></system-out>
  </testcase>
  <testcase name="Effectuer un virement entre deux comptes" classname="RunCucumberTest" time="0.023">
    <system-out><![CDATA[2026-06-26T16:38:23.457+02:00  INFO 2804 --- [exercice13] [           main] t.c.s.AnnotationConfigContextLoaderUtils : Could not detect default configuration classes for test class [com.example.bankapi.bdd.CucumberSpringConfiguration]: CucumberSpringConfiguration does not declare any static, non-private, non-final, nested classes annotated with @Configuration.
2026-06-26T16:38:23.459+02:00  INFO 2804 --- [exercice13] [           main] .b.t.c.SpringBootTestContextBootstrapper : Found @SpringBootConfiguration com.example.bankapi.BankApiApplication for test class com.example.bankapi.bdd.CucumberSpringConfiguration

Scenario: Effectuer un virement entre deux comptes                  &amp#27;[90m# features/accounts.feature:26&amp#27;[0m
  &amp#27;[32mGiven &amp#27;[0m&amp#27;[32mun compte &amp#27;[0m&amp#27;[32m&amp#27;[1m"FR001"&amp#27;[0m&amp#27;[32m existe avec &amp#27;[0m&amp#27;[32m&amp#27;[1m500.0&amp#27;[0m&amp#27;[32m euros&amp#27;[0m                   &amp#27;[90m# com.example.bankapi.bdd.BankApiStepDefinitions.un_compte_existe_avec(java.lang.String,double)&amp#27;[0m
  &amp#27;[32mAnd &amp#27;[0m&amp#27;[32mun compte &amp#27;[0m&amp#27;[32m&amp#27;[1m"FR002"&amp#27;[0m&amp#27;[32m existe avec &amp#27;[0m&amp#27;[32m&amp#27;[1m100.0&amp#27;[0m&amp#27;[32m euros&amp#27;[0m                     &amp#27;[90m# com.example.bankapi.bdd.BankApiStepDefinitions.un_compte_existe_avec(java.lang.String,double)&amp#27;[0m
  &amp#27;[32mWhen &amp#27;[0m&amp#27;[32mje vire &amp#27;[0m&amp#27;[32m&amp#27;[1m200.0&amp#27;[0m&amp#27;[32m euros du compte &amp#27;[0m&amp#27;[32m&amp#27;[1m"FR001"&amp#27;[0m&amp#27;[32m vers le compte &amp#27;[0m&amp#27;[32m&amp#27;[1m"FR002"&amp#27;[0m &amp#27;[90m# com.example.bankapi.bdd.BankApiStepDefinitions.je_vire(double,java.lang.String,java.lang.String)&amp#27;[0m
  &amp#27;[32mThen &amp#27;[0m&amp#27;[32mle statut de la réponse est &amp#27;[0m&amp#27;[32m&amp#27;[1m204&amp#27;[0m                              &amp#27;[90m# com.example.bankapi.bdd.BankApiStepDefinitions.le_statut_est(int)&amp#27;[0m
]]></system-out>
  </testcase>
  <testcase name="Virement refusé pour fonds insuffisants" classname="RunCucumberTest" time="0.027">
    <system-out><![CDATA[2026-06-26T16:38:23.481+02:00  INFO 2804 --- [exercice13] [           main] t.c.s.AnnotationConfigContextLoaderUtils : Could not detect default configuration classes for test class [com.example.bankapi.bdd.CucumberSpringConfiguration]: CucumberSpringConfiguration does not declare any static, non-private, non-final, nested classes annotated with @Configuration.
2026-06-26T16:38:23.484+02:00  INFO 2804 --- [exercice13] [           main] .b.t.c.SpringBootTestContextBootstrapper : Found @SpringBootConfiguration com.example.bankapi.BankApiApplication for test class com.example.bankapi.bdd.CucumberSpringConfiguration

Scenario: Virement refusé pour fonds insuffisants                   &amp#27;[90m# features/accounts.feature:32&amp#27;[0m
  &amp#27;[32mGiven &amp#27;[0m&amp#27;[32mun compte &amp#27;[0m&amp#27;[32m&amp#27;[1m"FR001"&amp#27;[0m&amp#27;[32m existe avec &amp#27;[0m&amp#27;[32m&amp#27;[1m50.0&amp#27;[0m&amp#27;[32m euros&amp#27;[0m                    &amp#27;[90m# com.example.bankapi.bdd.BankApiStepDefinitions.un_compte_existe_avec(java.lang.String,double)&amp#27;[0m
  &amp#27;[32mAnd &amp#27;[0m&amp#27;[32mun compte &amp#27;[0m&amp#27;[32m&amp#27;[1m"FR002"&amp#27;[0m&amp#27;[32m existe avec &amp#27;[0m&amp#27;[32m&amp#27;[1m0.0&amp#27;[0m&amp#27;[32m euros&amp#27;[0m                       &amp#27;[90m# com.example.bankapi.bdd.BankApiStepDefinitions.un_compte_existe_avec(java.lang.String,double)&amp#27;[0m
  &amp#27;[32mWhen &amp#27;[0m&amp#27;[32mje vire &amp#27;[0m&amp#27;[32m&amp#27;[1m200.0&amp#27;[0m&amp#27;[32m euros du compte &amp#27;[0m&amp#27;[32m&amp#27;[1m"FR001"&amp#27;[0m&amp#27;[32m vers le compte &amp#27;[0m&amp#27;[32m&amp#27;[1m"FR002"&amp#27;[0m &amp#27;[90m# com.example.bankapi.bdd.BankApiStepDefinitions.je_vire(double,java.lang.String,java.lang.String)&amp#27;[0m
  &amp#27;[32mThen &amp#27;[0m&amp#27;[32mle statut de la réponse est &amp#27;[0m&amp#27;[32m&amp#27;[1m422&amp#27;[0m                              &amp#27;[90m# com.example.bankapi.bdd.BankApiStepDefinitions.le_statut_est(int)&amp#27;[0m
]]></system-out>
  </testcase>
</testsuite>